<?xml version="1.0" encoding="UTF-8"?>
<!-- Generated by org.testng.reporters.JUnitReportReporter -->
<testsuite hostname="Ankit" failures="0" tests="1" name="testClasses.LoginPageTest" time="0.145" errors="0" timestamp="2024-09-15T23:14:16 IST" skipped="0">
  <testcase classname="testClasses.LoginPageTest" name="LoginPageTitleTest" time="0.145"/>
  <system-out/>
</testsuite> <!-- testClasses.LoginPageTest -->
